{"logTime": "0608/110554", "correlationVector":"TaEwzb/mfee/QfyCueMy7r.1","action":"SyncServerConnectionManagerRequest", "result":"SYNC_SERVER_OK", "context":{"environment":"Prod_francecentral_prod-s01-062-eur-francecentral", "migrationStage":"NotStarted", "server":"akswtt00800001e"}}
{"logTime": "0608/110554", "correlationVector":"TaEwzb/mfee/QfyCueMy7r.2","action":"ProcessGetUpdates", "result":"Done", "context":{"dataType":"Encryption Keys", "deleted":"0", "process_failed_to_decrypt":"0", "process_pending_decryption":"0", "process_success":"1", "total":"1"}}
{"logTime": "0608/110556", "correlationVector":"aApNcYjQ9bS6mB6G295npJ","action":"SyncServerConnectionManagerRequest", "result":"SYNC_SERVER_OK", "context":{"environment":"", "migrationStage":"", "server":""}}
{"logTime": "0608/110556", "correlationVector":"aApNcYjQ9bS6mB6G295npJ.0","action":"EncryptionKeysFetcher.DownloadKeys:", "result":"Success", "context":Key count: 6, Last key timestamp: 2025-06-08T11:05:44Z}
{"logTime": "0608/110556", "correlationVector":"aApNcYjQ9bS6mB6G295npJ.1","action":"EncryptionKeysManager::SetEncryptionKeys:", "result":"Success", "context":Key names[6]:[ut/gghPG2zN6EXOqt2Dt+26IkBlUuymR98Bo4IJxU6orRQYhLGABOAFKT5tWZ6sdg1X0EM/Zy3pGELHwubiHZQ==][S293XYNpT1FY0Jsz8Q4mnzFR28o/JVlVSDxJdSUXuBtJy6e+caAu0tRh5ou5aA1u9eszg2hufJEnd0P2/fUWvg==][FJI0y5YzQ71BoWOFdLJEC9hpuoG2tFAqnXstYaCZZRUhyVdtH0/LsRxSuCyGquNU8D9hzY8AyPgfOy2dDOEnbg==][/lRMyP3gP0VZWg4FeJMJ3ZfO70/gA1Io6TCLjpjzjQTJqWOMBw8M7XdodQ1uQC4J6wwpVVkd3rm+GrKQ8mgrSQ==][7MWw3aFiNvtBf/s++Mpyci4fk81kEaxhgSx6j+U5DP//YZiPJLb+n2hNwsslaqXORRRbdrNyPof54cn78TNIiA==][drD2WI4fDeDL9782yl629MEIPrLTIwfZ1ycgEcENuAeuedxHM2al7NsFTLT627LWz0eFAnyZE0zBBsx/iSQnWQ==]}
{"logTime": "0608/110556", "correlationVector":"aApNcYjQ9bS6mB6G295npJ.2","action":"EncryptionKeysManager::SetEncryptionKeysWithTimestamps:", "result":"Success", "context":Key timestamps[6]:[2022-07-22T10:52:19Z][2023-01-19T10:41:06Z][2023-07-23T18:16:19Z][2024-01-21T11:16:52Z][2024-07-31T11:31:14Z][2025-06-08T11:05:44Z]}
{"logTime": "0608/110556", "correlationVector":"TaEwzb/mfee/QfyCueMy7r","action":"Initial GetUpdates", "result":"", "context":Reason: NEW_CLIENT. cV=TaEwzb/mfee/QfyCueMy7r}
{"logTime": "0608/110556", "correlationVector":"TaEwzb/mfee/QfyCueMy7r.3","action":"GetUpdates Response", "result":"Success", "context":Received 1 update(s). cV=TaEwzb/mfee/QfyCueMy7r.0;server=akswtt00800001e;cloudType=Consumer;environment=Prod_francecentral_prod-s01-062-eur-francecentral;migrationStage=NotStarted}
{"logTime": "0608/110556", "correlationVector":"Rl3UzQQsFHcScDukMopqqI","action":"Initial GetUpdates", "result":"", "context":Reason: NEWLY_SUPPORTED_DATATYPE. cV=Rl3UzQQsFHcScDukMopqqI}
{"logTime": "0608/110557", "correlationVector":"Rl3UzQQsFHcScDukMopqqI.1","action":"SyncServerConnectionManagerRequest", "result":"SYNC_SERVER_OK", "context":{"environment":"Prod_francecentral_prod-s01-062-eur-francecentral", "migrationStage":"NotStarted", "server":"akswtt008000016"}}
{"logTime": "0608/110557", "correlationVector":"Rl3UzQQsFHcScDukMopqqI.2","action":"ProcessGetUpdates", "result":"Done", "context":{"dataType":"Passwords", "deleted":"20", "process_failed_to_decrypt":"0", "process_pending_decryption":"0", "process_success":"177", "total":"177"}}
{"logTime": "0608/110557", "correlationVector":"Rl3UzQQsFHcScDukMopqqI.3","action":"GetUpdates Response", "result":"Success", "context":Received 177 update(s). cV=Rl3UzQQsFHcScDukMopqqI.0;server=akswtt008000016;cloudType=Consumer;environment=Prod_francecentral_prod-s01-062-eur-francecentral;migrationStage=NotStarted}
{"logTime": "0608/110557", "correlationVector":"eMCndQhkQ9FDqYZ+z8PXGO","action":"Initial GetUpdates", "result":"", "context":Reason: NEWLY_SUPPORTED_DATATYPE. cV=eMCndQhkQ9FDqYZ+z8PXGO}
{"logTime": "0608/110558", "correlationVector":"eMCndQhkQ9FDqYZ+z8PXGO.1","action":"SyncServerConnectionManagerRequest", "result":"SYNC_SERVER_OK", "context":{"environment":"Prod_francecentral_prod-s01-062-eur-francecentral", "migrationStage":"NotStarted", "server":"akswtt00800004l"}}
{"logTime": "0608/110558", "correlationVector":"eMCndQhkQ9FDqYZ+z8PXGO.2","action":"ProcessGetUpdates", "result":"Done", "context":{"dataType":"Bookmarks", "deleted":"0", "process_failed_to_decrypt":"0", "process_pending_decryption":"0", "process_success":"250", "total":"250"}}
{"logTime": "0608/110558", "correlationVector":"eMCndQhkQ9FDqYZ+z8PXGO.3","action":"GetUpdates Response", "result":"Success", "context":Received 250 update(s). cV=eMCndQhkQ9FDqYZ+z8PXGO.0;server=akswtt00800004l;cloudType=Consumer;environment=Prod_francecentral_prod-s01-062-eur-francecentral;migrationStage=NotStarted Some updates remain.}
{"logTime": "0608/110558", "correlationVector":"zz1GdmAbd8Be7niZwfWa2t","action":"Initial GetUpdates", "result":"", "context":Reason: NEWLY_SUPPORTED_DATATYPE. cV=zz1GdmAbd8Be7niZwfWa2t}
{"logTime": "0608/110558", "correlationVector":"zz1GdmAbd8Be7niZwfWa2t.1","action":"SyncServerConnectionManagerRequest", "result":"SYNC_SERVER_OK", "context":{"environment":"Prod_francecentral_prod-s01-062-eur-francecentral", "migrationStage":"NotStarted", "server":"akswtt00800004l"}}
{"logTime": "0608/110558", "correlationVector":"zz1GdmAbd8Be7niZwfWa2t.2","action":"ProcessGetUpdates", "result":"Done", "context":{"dataType":"Bookmarks", "deleted":"12", "process_failed_to_decrypt":"0", "process_pending_decryption":"0", "process_success":"141", "total":"141"}}
{"logTime": "0608/110558", "correlationVector":"zz1GdmAbd8Be7niZwfWa2t.3","action":"GetUpdates Response", "result":"Success", "context":Received 141 update(s). cV=zz1GdmAbd8Be7niZwfWa2t.0;server=akswtt00800004l;cloudType=Consumer;environment=Prod_francecentral_prod-s01-062-eur-francecentral;migrationStage=NotStarted}
{"logTime": "0608/110558", "correlationVector":"Tm4qWOen9ik09se5QLRM6R","action":"Initial GetUpdates", "result":"", "context":Reason: NEWLY_SUPPORTED_DATATYPE. cV=Tm4qWOen9ik09se5QLRM6R}
{"logTime": "0608/110559", "correlationVector":"Tm4qWOen9ik09se5QLRM6R.1","action":"SyncServerConnectionManagerRequest", "result":"SYNC_SERVER_OK", "context":{"environment":"Prod_francecentral_prod-s01-062-eur-francecentral", "migrationStage":"NotStarted", "server":"akswtt008000016"}}
{"logTime": "0608/110559", "correlationVector":"Tm4qWOen9ik09se5QLRM6R.2","action":"ProcessGetUpdates", "result":"Done", "context":{"dataType":"Autofill Profiles", "deleted":"0", "process_failed_to_decrypt":"0", "process_pending_decryption":"0", "process_success":"24", "total":"24"}}
{"logTime": "0608/110559", "correlationVector":"Tm4qWOen9ik09se5QLRM6R.3","action":"ProcessGetUpdates", "result":"Done", "context":{"dataType":"Autofill", "deleted":"0", "process_failed_to_decrypt":"0", "process_pending_decryption":"0", "process_success":"226", "total":"226"}}
{"logTime": "0608/110559", "correlationVector":"Tm4qWOen9ik09se5QLRM6R.4","action":"GetUpdates Response", "result":"Success", "context":Received 250 update(s). cV=Tm4qWOen9ik09se5QLRM6R.0;server=akswtt008000016;cloudType=Consumer;environment=Prod_francecentral_prod-s01-062-eur-francecentral;migrationStage=NotStarted Some updates remain.}
{"logTime": "0608/110559", "correlationVector":"vMP5eGTJjWzQ+ytnvut/gI","action":"Initial GetUpdates", "result":"", "context":Reason: NEWLY_SUPPORTED_DATATYPE. cV=vMP5eGTJjWzQ+ytnvut/gI}
{"logTime": "0608/110559", "correlationVector":"vMP5eGTJjWzQ+ytnvut/gI.1","action":"SyncServerConnectionManagerRequest", "result":"SYNC_SERVER_OK", "context":{"environment":"Prod_francecentral_prod-s01-062-eur-francecentral", "migrationStage":"NotStarted", "server":"akswtt008000027"}}
{"logTime": "0608/110559", "correlationVector":"vMP5eGTJjWzQ+ytnvut/gI.2","action":"ProcessGetUpdates", "result":"Done", "context":{"dataType":"Autofill Profiles", "deleted":"0", "process_failed_to_decrypt":"0", "process_pending_decryption":"0", "process_success":"10", "total":"10"}}
{"logTime": "0608/110559", "correlationVector":"vMP5eGTJjWzQ+ytnvut/gI.3","action":"ProcessGetUpdates", "result":"Done", "context":{"dataType":"Autofill", "deleted":"0", "process_failed_to_decrypt":"0", "process_pending_decryption":"0", "process_success":"49", "total":"49"}}
{"logTime": "0608/110559", "correlationVector":"vMP5eGTJjWzQ+ytnvut/gI.4","action":"GetUpdates Response", "result":"Success", "context":Received 59 update(s). cV=vMP5eGTJjWzQ+ytnvut/gI.0;server=akswtt008000027;cloudType=Consumer;environment=Prod_francecentral_prod-s01-062-eur-francecentral;migrationStage=NotStarted}
{"logTime": "0608/110559", "correlationVector":"7HEKR/l1OrYjoxO5IT5Lpa","action":"Initial GetUpdates", "result":"", "context":Reason: NEWLY_SUPPORTED_DATATYPE. cV=7HEKR/l1OrYjoxO5IT5Lpa}
{"logTime": "0608/110559", "correlationVector":"7HEKR/l1OrYjoxO5IT5Lpa.1","action":"SyncServerConnectionManagerRequest", "result":"SYNC_SERVER_OK", "context":{"environment":"Prod_francecentral_prod-s01-062-eur-francecentral", "migrationStage":"NotStarted", "server":"akswtt00800001o"}}
{"logTime": "0608/110559", "correlationVector":"7HEKR/l1OrYjoxO5IT5Lpa.2","action":"GetUpdates Response", "result":"Success", "context":Received 0 update(s). cV=7HEKR/l1OrYjoxO5IT5Lpa.0;server=akswtt00800001o;cloudType=Consumer;environment=Prod_francecentral_prod-s01-062-eur-francecentral;migrationStage=NotStarted}
{"logTime": "0608/110559", "correlationVector":"0ewOxozorMo3jKnssLgcvX","action":"Normal GetUpdate request", "result":"", "context":cV=0ewOxozorMo3jKnssLgcvX
Nudged types: Passwords, Encryption Keys
Refresh requested types: Bookmarks, Passwords, Autofill Profiles, Autofill, History, Edge Wallet, Encryption Keys}
{"logTime": "0608/110559", "correlationVector":"0ewOxozorMo3jKnssLgcvX.1","action":"SyncServerConnectionManagerRequest", "result":"SYNC_SERVER_OK", "context":{"environment":"Prod_francecentral_prod-s01-062-eur-francecentral", "migrationStage":"NotStarted", "server":"akswtt008000016"}}
{"logTime": "0608/110559", "correlationVector":"0ewOxozorMo3jKnssLgcvX.2","action":"GetUpdates Response", "result":"Success", "context":Received 0 update(s). cV=0ewOxozorMo3jKnssLgcvX.0;server=akswtt008000016;cloudType=Consumer;environment=Prod_francecentral_prod-s01-062-eur-francecentral;migrationStage=NotStarted}
{"logTime": "0608/110559", "correlationVector":"AZLBzcppY2dlrTB8nzlCvJ","action":"Commit Request", "result":"", "context":Item count: 1
Contributing types: Encryption Keys}
{"logTime": "0608/110559", "correlationVector":"AZLBzcppY2dlrTB8nzlCvJ.1","action":"SyncServerConnectionManagerRequest", "result":"SYNC_SERVER_OK", "context":{"environment":"Prod_francecentral_prod-s01-062-eur-francecentral", "migrationStage":"NotStarted", "server":"akswtt008000027"}}
{"logTime": "0608/110559", "correlationVector":"AZLBzcppY2dlrTB8nzlCvJ.2","action":"Commit Response", "result":"Success", "context":Result: Success. cV=AZLBzcppY2dlrTB8nzlCvJ.0;server=akswtt008000027;cloudType=Consumer;environment=Prod_francecentral_prod-s01-062-eur-francecentral;migrationStage=NotStarted}
{"logTime": "0608/110559", "correlationVector":"IQnSss9qqDgW6O5cjiEcNn","action":"Commit Request", "result":"", "context":Item count: 40
Contributing types: Passwords}
{"logTime": "0608/110601", "correlationVector":"IQnSss9qqDgW6O5cjiEcNn.1","action":"SyncServerConnectionManagerRequest", "result":"SYNC_SERVER_OK", "context":{"environment":"Prod_francecentral_prod-s01-062-eur-francecentral", "migrationStage":"NotStarted", "server":"akswtt00800003n"}}
{"logTime": "0608/110601", "correlationVector":"IQnSss9qqDgW6O5cjiEcNn.2","action":"Commit Response", "result":"Success", "context":Result: Success. cV=IQnSss9qqDgW6O5cjiEcNn.0;server=akswtt00800003n;cloudType=Consumer;environment=Prod_francecentral_prod-s01-062-eur-francecentral;migrationStage=NotStarted}
{"logTime": "0608/110601", "correlationVector":"oBXTBE5o0qyIEdFA3EEgut","action":"Commit Request", "result":"", "context":Item count: 40
Contributing types: Passwords}
{"logTime": "0608/110603", "correlationVector":"oBXTBE5o0qyIEdFA3EEgut.1","action":"SyncServerConnectionManagerRequest", "result":"SYNC_SERVER_OK", "context":{"environment":"Prod_francecentral_prod-s01-062-eur-francecentral", "migrationStage":"NotStarted", "server":"akswtt00800003n"}}
{"logTime": "0608/110603", "correlationVector":"oBXTBE5o0qyIEdFA3EEgut.2","action":"Commit Response", "result":"Success", "context":Result: Success. cV=oBXTBE5o0qyIEdFA3EEgut.0;server=akswtt00800003n;cloudType=Consumer;environment=Prod_francecentral_prod-s01-062-eur-francecentral;migrationStage=NotStarted}
{"logTime": "0608/110603", "correlationVector":"qvPVzNEhaOwvuKAc4PmOxa","action":"Commit Request", "result":"", "context":Item count: 40
Contributing types: Passwords}
{"logTime": "0608/110605", "correlationVector":"qvPVzNEhaOwvuKAc4PmOxa.1","action":"SyncServerConnectionManagerRequest", "result":"SYNC_SERVER_OK", "context":{"environment":"Prod_francecentral_prod-s01-062-eur-francecentral", "migrationStage":"NotStarted", "server":"akswtt008000027"}}
{"logTime": "0608/110605", "correlationVector":"qvPVzNEhaOwvuKAc4PmOxa.2","action":"Commit Response", "result":"Success", "context":Result: Success. cV=qvPVzNEhaOwvuKAc4PmOxa.0;server=akswtt008000027;cloudType=Consumer;environment=Prod_francecentral_prod-s01-062-eur-francecentral;migrationStage=NotStarted}
{"logTime": "0608/110605", "correlationVector":"8AHSVaFwOSUVyUhOBDQqUO","action":"Commit Request", "result":"", "context":Item count: 40
Contributing types: Passwords}
{"logTime": "0608/110606", "correlationVector":"8AHSVaFwOSUVyUhOBDQqUO.1","action":"SyncServerConnectionManagerRequest", "result":"SYNC_SERVER_OK", "context":{"environment":"Prod_francecentral_prod-s01-062-eur-francecentral", "migrationStage":"NotStarted", "server":"akswtt00800004l"}}
{"logTime": "0608/110606", "correlationVector":"8AHSVaFwOSUVyUhOBDQqUO.2","action":"Commit Response", "result":"Success", "context":Result: Success. cV=8AHSVaFwOSUVyUhOBDQqUO.0;server=akswtt00800004l;cloudType=Consumer;environment=Prod_francecentral_prod-s01-062-eur-francecentral;migrationStage=NotStarted}
{"logTime": "0608/110606", "correlationVector":"6nXpa+ZL2wRo9Lt2MBrfXn","action":"Commit Request", "result":"", "context":Item count: 40
Contributing types: Passwords, Autofill Profiles}
{"logTime": "0608/110608", "correlationVector":"6nXpa+ZL2wRo9Lt2MBrfXn.1","action":"SyncServerConnectionManagerRequest", "result":"SYNC_SERVER_OK", "context":{"environment":"Prod_francecentral_prod-s01-062-eur-francecentral", "migrationStage":"NotStarted", "server":"akswtt00800001e"}}
{"logTime": "0608/110608", "correlationVector":"6nXpa+ZL2wRo9Lt2MBrfXn.2","action":"Commit Response", "result":"Success", "context":Result: Success. cV=6nXpa+ZL2wRo9Lt2MBrfXn.0;server=akswtt00800001e;cloudType=Consumer;environment=Prod_francecentral_prod-s01-062-eur-francecentral;migrationStage=NotStarted}
{"logTime": "0608/110608", "correlationVector":"evw2Cry6QtAvTfyYN1U0jw","action":"Commit Request", "result":"", "context":Item count: 40
Contributing types: Autofill Profiles, Autofill}
{"logTime": "0608/110610", "correlationVector":"evw2Cry6QtAvTfyYN1U0jw.1","action":"SyncServerConnectionManagerRequest", "result":"SYNC_SERVER_OK", "context":{"environment":"Prod_francecentral_prod-s01-062-eur-francecentral", "migrationStage":"NotStarted", "server":"akswtt008000048"}}
{"logTime": "0608/110610", "correlationVector":"evw2Cry6QtAvTfyYN1U0jw.2","action":"Commit Response", "result":"Success", "context":Result: Success. cV=evw2Cry6QtAvTfyYN1U0jw.0;server=akswtt008000048;cloudType=Consumer;environment=Prod_francecentral_prod-s01-062-eur-francecentral;migrationStage=NotStarted}
{"logTime": "0608/110610", "correlationVector":"4VezqnuOu2Xggdu4v/UlGP","action":"Commit Request", "result":"", "context":Item count: 40
Contributing types: Autofill}
{"logTime": "0608/110612", "correlationVector":"4VezqnuOu2Xggdu4v/UlGP.1","action":"SyncServerConnectionManagerRequest", "result":"SYNC_SERVER_OK", "context":{"environment":"Prod_francecentral_prod-s01-062-eur-francecentral", "migrationStage":"NotStarted", "server":"akswtt008000048"}}
{"logTime": "0608/110612", "correlationVector":"4VezqnuOu2Xggdu4v/UlGP.2","action":"Commit Response", "result":"Success", "context":Result: Success. cV=4VezqnuOu2Xggdu4v/UlGP.0;server=akswtt008000048;cloudType=Consumer;environment=Prod_francecentral_prod-s01-062-eur-francecentral;migrationStage=NotStarted}
{"logTime": "0608/110612", "correlationVector":"gy0dygSTnaIno3mZLMmwdh","action":"Commit Request", "result":"", "context":Item count: 40
Contributing types: Autofill}
{"logTime": "0608/110614", "correlationVector":"gy0dygSTnaIno3mZLMmwdh.1","action":"SyncServerConnectionManagerRequest", "result":"SYNC_SERVER_OK", "context":{"environment":"Prod_francecentral_prod-s01-062-eur-francecentral", "migrationStage":"NotStarted", "server":"akswtt008000016"}}
{"logTime": "0608/110614", "correlationVector":"gy0dygSTnaIno3mZLMmwdh.2","action":"Commit Response", "result":"Success", "context":Result: Success. cV=gy0dygSTnaIno3mZLMmwdh.0;server=akswtt008000016;cloudType=Consumer;environment=Prod_francecentral_prod-s01-062-eur-francecentral;migrationStage=NotStarted}
{"logTime": "0608/110614", "correlationVector":"bncL/JMjlVkeQcBzpUDNwS","action":"Commit Request", "result":"", "context":Item count: 40
Contributing types: Autofill}
{"logTime": "0608/110615", "correlationVector":"bncL/JMjlVkeQcBzpUDNwS.1","action":"SyncServerConnectionManagerRequest", "result":"SYNC_SERVER_OK", "context":{"environment":"Prod_francecentral_prod-s01-062-eur-francecentral", "migrationStage":"NotStarted", "server":"akswtt00800003q"}}
{"logTime": "0608/110615", "correlationVector":"bncL/JMjlVkeQcBzpUDNwS.2","action":"Commit Response", "result":"Success", "context":Result: Success. cV=bncL/JMjlVkeQcBzpUDNwS.0;server=akswtt00800003q;cloudType=Consumer;environment=Prod_francecentral_prod-s01-062-eur-francecentral;migrationStage=NotStarted}
{"logTime": "0608/110615", "correlationVector":"TA2Ozr8n7GMdQO+MUEXd5Y","action":"Commit Request", "result":"", "context":Item count: 40
Contributing types: Autofill}
{"logTime": "0608/110617", "correlationVector":"TA2Ozr8n7GMdQO+MUEXd5Y.1","action":"SyncServerConnectionManagerRequest", "result":"SYNC_SERVER_OK", "context":{"environment":"Prod_francecentral_prod-s01-062-eur-francecentral", "migrationStage":"NotStarted", "server":"akswtt008000027"}}
{"logTime": "0608/110617", "correlationVector":"TA2Ozr8n7GMdQO+MUEXd5Y.2","action":"Commit Response", "result":"Success", "context":Result: Success. cV=TA2Ozr8n7GMdQO+MUEXd5Y.0;server=akswtt008000027;cloudType=Consumer;environment=Prod_francecentral_prod-s01-062-eur-francecentral;migrationStage=NotStarted}
{"logTime": "0608/110617", "correlationVector":"e1wYBJ0itfO5IYXftuEGoa","action":"Commit Request", "result":"", "context":Item count: 40
Contributing types: Autofill}
{"logTime": "0608/110619", "correlationVector":"e1wYBJ0itfO5IYXftuEGoa.1","action":"SyncServerConnectionManagerRequest", "result":"SYNC_SERVER_OK", "context":{"environment":"Prod_francecentral_prod-s01-062-eur-francecentral", "migrationStage":"NotStarted", "server":"akswtt00800002e"}}
{"logTime": "0608/110619", "correlationVector":"e1wYBJ0itfO5IYXftuEGoa.2","action":"Commit Response", "result":"Success", "context":Result: Success. cV=e1wYBJ0itfO5IYXftuEGoa.0;server=akswtt00800002e;cloudType=Consumer;environment=Prod_francecentral_prod-s01-062-eur-francecentral;migrationStage=NotStarted}
{"logTime": "0608/110619", "correlationVector":"1iWgEuGaYUM70y22zW8BMu","action":"Commit Request", "result":"", "context":Item count: 40
Contributing types: Autofill, History}
{"logTime": "0608/110621", "correlationVector":"1iWgEuGaYUM70y22zW8BMu.1","action":"SyncServerConnectionManagerRequest", "result":"SYNC_SERVER_OK", "context":{"environment":"Prod_francecentral_prod-s01-062-eur-francecentral", "migrationStage":"NotStarted", "server":"akswtt00800005o"}}
{"logTime": "0608/110621", "correlationVector":"1iWgEuGaYUM70y22zW8BMu.2","action":"Commit Response", "result":"Success", "context":Result: Success. cV=1iWgEuGaYUM70y22zW8BMu.0;server=akswtt00800005o;cloudType=Consumer;environment=Prod_francecentral_prod-s01-062-eur-francecentral;migrationStage=NotStarted}
{"logTime": "0608/110621", "correlationVector":"0hjTEBJWkL6w6TAKSSOkEQ","action":"Commit Request", "result":"", "context":Item count: 23
Contributing types: History}
{"logTime": "0608/110622", "correlationVector":"0hjTEBJWkL6w6TAKSSOkEQ.1","action":"SyncServerConnectionManagerRequest", "result":"SYNC_SERVER_OK", "context":{"environment":"Prod_francecentral_prod-s01-062-eur-francecentral", "migrationStage":"NotStarted", "server":"akswtt008000027"}}
{"logTime": "0608/110622", "correlationVector":"0hjTEBJWkL6w6TAKSSOkEQ.2","action":"Commit Response", "result":"Success", "context":Result: Success. cV=0hjTEBJWkL6w6TAKSSOkEQ.0;server=akswtt008000027;cloudType=Consumer;environment=Prod_francecentral_prod-s01-062-eur-francecentral;migrationStage=NotStarted}
{"logTime": "0608/110722", "correlationVector":"ReoLSWzKrFW99lbxl5ZEi4","action":"Commit Request", "result":"", "context":Item count: 2
Contributing types: History}
{"logTime": "0608/110722", "correlationVector":"ReoLSWzKrFW99lbxl5ZEi4.1","action":"SyncServerConnectionManagerRequest", "result":"SYNC_SERVER_OK", "context":{"environment":"Prod_francecentral_prod-s01-062-eur-francecentral", "migrationStage":"NotStarted", "server":"akswtt008000037"}}
{"logTime": "0608/110722", "correlationVector":"ReoLSWzKrFW99lbxl5ZEi4.2","action":"Commit Response", "result":"Success", "context":Result: Success. cV=ReoLSWzKrFW99lbxl5ZEi4.0;server=akswtt008000037;cloudType=Consumer;environment=Prod_francecentral_prod-s01-062-eur-francecentral;migrationStage=NotStarted}
{"logTime": "0608/112418", "correlationVector":"L4ldytIDSfAiiYHmkBDM2y","action":"Commit Request", "result":"", "context":Item count: 3
Contributing types: History}
{"logTime": "0608/112421", "correlationVector":"L4ldytIDSfAiiYHmkBDM2y.1","action":"SyncServerConnectionManagerRequest", "result":"SYNC_SERVER_OK", "context":{"environment":"Prod_francecentral_prod-s01-062-eur-francecentral", "migrationStage":"NotStarted", "server":"akswtt00800000d"}}
{"logTime": "0608/112421", "correlationVector":"L4ldytIDSfAiiYHmkBDM2y.2","action":"Commit Response", "result":"Success", "context":Result: Success. cV=L4ldytIDSfAiiYHmkBDM2y.0;server=akswtt00800000d;cloudType=Consumer;environment=Prod_francecentral_prod-s01-062-eur-francecentral;migrationStage=NotStarted}
{"logTime": "0608/120056", "correlationVector":"fBo883sL8QxZnXSvMigyYd.1","action":"SyncServerConnectionManagerRequest", "result":"SYNC_SERVER_OK", "context":{"environment":"Prod_francecentral_prod-s01-062-eur-francecentral", "migrationStage":"NotStarted", "server":"akswtt00800004u"}}
{"logTime": "0608/120056", "correlationVector":"fBo883sL8QxZnXSvMigyYd.2","action":"ProcessGetUpdates", "result":"Done", "context":{"dataType":"Encryption Keys", "deleted":"0", "process_failed_to_decrypt":"0", "process_pending_decryption":"0", "process_success":"1", "total":"1"}}
{"logTime": "0608/120057", "correlationVector":"WMzSiM2Ihb+fNySZxAMV/D","action":"SyncServerConnectionManagerRequest", "result":"SYNC_SERVER_OK", "context":{"environment":"", "migrationStage":"", "server":""}}
{"logTime": "0608/120057", "correlationVector":"WMzSiM2Ihb+fNySZxAMV/D.0","action":"EncryptionKeysFetcher.DownloadKeys:", "result":"Success", "context":Key count: 6, Last key timestamp: 2025-06-08T11:05:44Z}
{"logTime": "0608/120057", "correlationVector":"WMzSiM2Ihb+fNySZxAMV/D.1","action":"EncryptionKeysManager::SetEncryptionKeys:", "result":"Success", "context":Key names[6]:[ut/gghPG2zN6EXOqt2Dt+26IkBlUuymR98Bo4IJxU6orRQYhLGABOAFKT5tWZ6sdg1X0EM/Zy3pGELHwubiHZQ==][S293XYNpT1FY0Jsz8Q4mnzFR28o/JVlVSDxJdSUXuBtJy6e+caAu0tRh5ou5aA1u9eszg2hufJEnd0P2/fUWvg==][FJI0y5YzQ71BoWOFdLJEC9hpuoG2tFAqnXstYaCZZRUhyVdtH0/LsRxSuCyGquNU8D9hzY8AyPgfOy2dDOEnbg==][/lRMyP3gP0VZWg4FeJMJ3ZfO70/gA1Io6TCLjpjzjQTJqWOMBw8M7XdodQ1uQC4J6wwpVVkd3rm+GrKQ8mgrSQ==][7MWw3aFiNvtBf/s++Mpyci4fk81kEaxhgSx6j+U5DP//YZiPJLb+n2hNwsslaqXORRRbdrNyPof54cn78TNIiA==][drD2WI4fDeDL9782yl629MEIPrLTIwfZ1ycgEcENuAeuedxHM2al7NsFTLT627LWz0eFAnyZE0zBBsx/iSQnWQ==]}
{"logTime": "0608/120057", "correlationVector":"WMzSiM2Ihb+fNySZxAMV/D.2","action":"EncryptionKeysManager::SetEncryptionKeysWithTimestamps:", "result":"Success", "context":Key timestamps[6]:[2022-07-22T10:52:19Z][2023-01-19T10:41:06Z][2023-07-23T18:16:19Z][2024-01-21T11:16:52Z][2024-07-31T11:31:14Z][2025-06-08T11:05:44Z]}
{"logTime": "0608/120057", "correlationVector":"fBo883sL8QxZnXSvMigyYd","action":"Initial GetUpdates", "result":"", "context":Reason: NEW_CLIENT. cV=fBo883sL8QxZnXSvMigyYd}
{"logTime": "0608/120057", "correlationVector":"fBo883sL8QxZnXSvMigyYd.3","action":"GetUpdates Response", "result":"Success", "context":Received 1 update(s). cV=fBo883sL8QxZnXSvMigyYd.0;server=akswtt00800004u;cloudType=Consumer;environment=Prod_francecentral_prod-s01-062-eur-francecentral;migrationStage=NotStarted}
{"logTime": "0608/120057", "correlationVector":"LXuRxazFaebCHWHBrvXale","action":"Initial GetUpdates", "result":"", "context":Reason: NEWLY_SUPPORTED_DATATYPE. cV=LXuRxazFaebCHWHBrvXale}
{"logTime": "0608/120058", "correlationVector":"LXuRxazFaebCHWHBrvXale.1","action":"SyncServerConnectionManagerRequest", "result":"SYNC_SERVER_OK", "context":{"environment":"Prod_francecentral_prod-s01-062-eur-francecentral", "migrationStage":"NotStarted", "server":"akswtt00800002w"}}
{"logTime": "0608/120058", "correlationVector":"LXuRxazFaebCHWHBrvXale.2","action":"ProcessGetUpdates", "result":"Done", "context":{"dataType":"Passwords", "deleted":"20", "process_failed_to_decrypt":"0", "process_pending_decryption":"0", "process_success":"187", "total":"187"}}
{"logTime": "0608/120058", "correlationVector":"LXuRxazFaebCHWHBrvXale.3","action":"GetUpdates Response", "result":"Success", "context":Received 187 update(s). cV=LXuRxazFaebCHWHBrvXale.0;server=akswtt00800002w;cloudType=Consumer;environment=Prod_francecentral_prod-s01-062-eur-francecentral;migrationStage=NotStarted}
{"logTime": "0608/120058", "correlationVector":"VtENcKMfUql+RYFYPyK8cW","action":"Normal GetUpdate request", "result":"", "context":cV=VtENcKMfUql+RYFYPyK8cW
Nudged types: History
Refresh requested types: Bookmarks, Passwords, Autofill Profiles, Autofill, History, Edge Wallet, Encryption Keys}
{"logTime": "0608/120059", "correlationVector":"VtENcKMfUql+RYFYPyK8cW.1","action":"SyncServerConnectionManagerRequest", "result":"SYNC_SERVER_OK", "context":{"environment":"Prod_francecentral_prod-s01-062-eur-francecentral", "migrationStage":"NotStarted", "server":"akswtt008000034"}}
{"logTime": "0608/120059", "correlationVector":"VtENcKMfUql+RYFYPyK8cW.2","action":"ProcessGetUpdates", "result":"Done", "context":{"dataType":"Autofill Profiles", "deleted":"0", "process_failed_to_decrypt":"0", "process_pending_decryption":"0", "process_success":"34", "total":"34"}}
{"logTime": "0608/120059", "correlationVector":"VtENcKMfUql+RYFYPyK8cW.3","action":"ProcessGetUpdates", "result":"Done", "context":{"dataType":"Autofill", "deleted":"0", "process_failed_to_decrypt":"0", "process_pending_decryption":"0", "process_success":"48", "total":"48"}}
{"logTime": "0608/120059", "correlationVector":"VtENcKMfUql+RYFYPyK8cW.4","action":"GetUpdates Response", "result":"Success", "context":Received 82 update(s). cV=VtENcKMfUql+RYFYPyK8cW.0;server=akswtt008000034;cloudType=Consumer;environment=Prod_francecentral_prod-s01-062-eur-francecentral;migrationStage=NotStarted Some updates remain.}
{"logTime": "0608/120059", "correlationVector":"sqGJ9OmCt7mxZ4GfV9g/Uq","action":"Normal GetUpdate request", "result":"", "context":cV=sqGJ9OmCt7mxZ4GfV9g/Uq
Nudged types: History
Refresh requested types: Bookmarks, Passwords, Autofill Profiles, Autofill, History, Edge Wallet, Encryption Keys}
{"logTime": "0608/120059", "correlationVector":"sqGJ9OmCt7mxZ4GfV9g/Uq.1","action":"SyncServerConnectionManagerRequest", "result":"SYNC_SERVER_OK", "context":{"environment":"Prod_francecentral_prod-s01-062-eur-francecentral", "migrationStage":"NotStarted", "server":"akswtt00800002w"}}
{"logTime": "0608/120059", "correlationVector":"sqGJ9OmCt7mxZ4GfV9g/Uq.2","action":"ProcessGetUpdates", "result":"Done", "context":{"dataType":"Autofill", "deleted":"0", "process_failed_to_decrypt":"0", "process_pending_decryption":"0", "process_success":"226", "total":"226"}}
{"logTime": "0608/120059", "correlationVector":"sqGJ9OmCt7mxZ4GfV9g/Uq.3","action":"ProcessGetUpdates", "result":"Done", "context":{"dataType":"History", "deleted":"0", "process_failed_to_decrypt":"0", "process_pending_decryption":"0", "process_success":"31", "total":"31"}}
{"logTime": "0608/120059", "correlationVector":"sqGJ9OmCt7mxZ4GfV9g/Uq.4","action":"GetUpdates Response", "result":"Success", "context":Received 257 update(s). cV=sqGJ9OmCt7mxZ4GfV9g/Uq.0;server=akswtt00800002w;cloudType=Consumer;environment=Prod_francecentral_prod-s01-062-eur-francecentral;migrationStage=NotStarted Some updates remain.}
{"logTime": "0608/120059", "correlationVector":"9ggRecT27xFG4mXsetYCoq","action":"Normal GetUpdate request", "result":"", "context":cV=9ggRecT27xFG4mXsetYCoq
Nudged types: History
Refresh requested types: Bookmarks, Passwords, Autofill Profiles, Autofill, History, Edge Wallet, Encryption Keys}
{"logTime": "0608/120059", "correlationVector":"9ggRecT27xFG4mXsetYCoq.1","action":"SyncServerConnectionManagerRequest", "result":"SYNC_SERVER_OK", "context":{"environment":"Prod_francecentral_prod-s01-062-eur-francecentral", "migrationStage":"NotStarted", "server":"akswtt00800004h"}}
{"logTime": "0608/120059", "correlationVector":"9ggRecT27xFG4mXsetYCoq.2","action":"GetUpdates Response", "result":"Success", "context":Received 0 update(s). cV=9ggRecT27xFG4mXsetYCoq.0;server=akswtt00800004h;cloudType=Consumer;environment=Prod_francecentral_prod-s01-062-eur-francecentral;migrationStage=NotStarted}
{"logTime": "0608/120105", "correlationVector":"QIdk/PrCAqs9tQYAUR/mvl","action":"Commit Request", "result":"", "context":Item count: 11
Contributing types: Autofill Profiles, History}
{"logTime": "0608/120106", "correlationVector":"QIdk/PrCAqs9tQYAUR/mvl.1","action":"SyncServerConnectionManagerRequest", "result":"SYNC_SERVER_OK", "context":{"environment":"Prod_francecentral_prod-s01-062-eur-francecentral", "migrationStage":"NotStarted", "server":"akswtt00800005q"}}
{"logTime": "0608/120106", "correlationVector":"QIdk/PrCAqs9tQYAUR/mvl.2","action":"Commit Response", "result":"Success", "context":Result: Success. cV=QIdk/PrCAqs9tQYAUR/mvl.0;server=akswtt00800005q;cloudType=Consumer;environment=Prod_francecentral_prod-s01-062-eur-francecentral;migrationStage=NotStarted}
{"logTime": "0608/120106", "correlationVector":"QIdk/PrCAqs9tQYAUR/mvl.3","action":"Commit.Autofill Profiles", "result":"Success", "context":{"id":"eafc3e88-3982-404f-ab1a-95e291b9ec15", "isDeleted":"true", "size":"0", "version":"1749380756677"}}
{"logTime": "0608/120106", "correlationVector":"QIdk/PrCAqs9tQYAUR/mvl.4","action":"Commit.Autofill Profiles", "result":"Success", "context":{"id":"d2bd6f9e-5aa9-4e27-8c52-b7030f27bedd", "isDeleted":"true", "size":"0", "version":"1749380756678"}}
{"logTime": "0608/120106", "correlationVector":"QIdk/PrCAqs9tQYAUR/mvl.5","action":"Commit.Autofill Profiles", "result":"Success", "context":{"id":"c294b7fe-890e-46cb-a9e3-bb9d7ec2069f", "isDeleted":"true", "size":"0", "version":"1749380756683"}}
{"logTime": "0608/120106", "correlationVector":"QIdk/PrCAqs9tQYAUR/mvl.6","action":"Commit.Autofill Profiles", "result":"Success", "context":{"id":"9cd15d98-f9bf-4b38-9bc9-4c3765432219", "isDeleted":"true", "size":"0", "version":"1749380756688"}}
{"logTime": "0608/120106", "correlationVector":"QIdk/PrCAqs9tQYAUR/mvl.7","action":"Commit.Autofill Profiles", "result":"Success", "context":{"id":"343b72d5-de58-48a8-ac97-3eb4df18c5a3", "isDeleted":"true", "size":"0", "version":"1749380756689"}}
{"logTime": "0608/120106", "correlationVector":"QIdk/PrCAqs9tQYAUR/mvl.8","action":"Commit.Autofill Profiles", "result":"Success", "context":{"id":"7e13585f-8590-4cb3-be61-af62d6266be2", "isDeleted":"true", "size":"0", "version":"1749380756690"}}
{"logTime": "0608/120106", "correlationVector":"QIdk/PrCAqs9tQYAUR/mvl.9","action":"Commit.Autofill Profiles", "result":"Success", "context":{"id":"c9b2b766-a487-4af9-8795-e92661b28f63", "isDeleted":"true", "size":"0", "version":"1749380756691"}}
{"logTime": "0608/120106", "correlationVector":"QIdk/PrCAqs9tQYAUR/mvl.10","action":"Commit.Autofill Profiles", "result":"Success", "context":{"id":"6e1319f8-2edb-4c17-abc6-a085c26046d5", "isDeleted":"true", "size":"0", "version":"1749380756692"}}
{"logTime": "0608/120106", "correlationVector":"QIdk/PrCAqs9tQYAUR/mvl.11","action":"Commit.Autofill Profiles", "result":"Success", "context":{"id":"2fbf9da5-a5aa-49d6-86f0-e6bc5d95d45d", "isDeleted":"true", "size":"0", "version":"1749380756696"}}
{"logTime": "0608/120207", "correlationVector":"h4pXgjgs2ReIjGSaDqI8fD","action":"Commit Request", "result":"", "context":Item count: 1
Contributing types: History}
{"logTime": "0608/120208", "correlationVector":"h4pXgjgs2ReIjGSaDqI8fD.1","action":"SyncServerConnectionManagerRequest", "result":"SYNC_SERVER_OK", "context":{"environment":"Prod_francecentral_prod-s01-062-eur-francecentral", "migrationStage":"NotStarted", "server":"akswtt00800002d"}}
{"logTime": "0608/120208", "correlationVector":"h4pXgjgs2ReIjGSaDqI8fD.2","action":"Commit Response", "result":"Success", "context":Result: Success. cV=h4pXgjgs2ReIjGSaDqI8fD.0;server=akswtt00800002d;cloudType=Consumer;environment=Prod_francecentral_prod-s01-062-eur-francecentral;migrationStage=NotStarted}
{"logTime": "0608/120407", "correlationVector":"6TpyPWUSFuraOUrWlmc5Bx","action":"Commit Request", "result":"", "context":Item count: 4
Contributing types: History}
{"logTime": "0608/120407", "correlationVector":"6TpyPWUSFuraOUrWlmc5Bx.1","action":"SyncServerConnectionManagerRequest", "result":"SYNC_SERVER_OK", "context":{"environment":"Prod_francecentral_prod-s01-062-eur-francecentral", "migrationStage":"NotStarted", "server":"akswtt00800005s"}}
{"logTime": "0608/120407", "correlationVector":"6TpyPWUSFuraOUrWlmc5Bx.2","action":"Commit Response", "result":"Success", "context":Result: Success. cV=6TpyPWUSFuraOUrWlmc5Bx.0;server=akswtt00800005s;cloudType=Consumer;environment=Prod_francecentral_prod-s01-062-eur-francecentral;migrationStage=NotStarted}
{"logTime": "0608/120539", "correlationVector":"tJxYkKn/6DeL9x9ck4nqca","action":"Commit Request", "result":"", "context":Item count: 2
Contributing types: History}
{"logTime": "0608/120541", "correlationVector":"tJxYkKn/6DeL9x9ck4nqca.1","action":"SyncServerConnectionManagerRequest", "result":"SYNC_SERVER_OK", "context":{"environment":"Prod_francecentral_prod-s01-062-eur-francecentral", "migrationStage":"NotStarted", "server":"akswtt00800004e"}}
{"logTime": "0608/120541", "correlationVector":"tJxYkKn/6DeL9x9ck4nqca.2","action":"Commit Response", "result":"Success", "context":Result: Success. cV=tJxYkKn/6DeL9x9ck4nqca.0;server=akswtt00800004e;cloudType=Consumer;environment=Prod_francecentral_prod-s01-062-eur-francecentral;migrationStage=NotStarted}
{"logTime": "0608/121401", "correlationVector":"pHSBAxRy5AHrPvrYzHnFA/","action":"Commit Request", "result":"", "context":Item count: 12
Contributing types: History}
{"logTime": "0608/121402", "correlationVector":"pHSBAxRy5AHrPvrYzHnFA/.1","action":"SyncServerConnectionManagerRequest", "result":"SYNC_SERVER_OK", "context":{"environment":"Prod_francecentral_prod-s01-062-eur-francecentral", "migrationStage":"NotStarted", "server":"akswtt00800005p"}}
{"logTime": "0608/121402", "correlationVector":"pHSBAxRy5AHrPvrYzHnFA/.2","action":"Commit Response", "result":"Success", "context":Result: Success. cV=pHSBAxRy5AHrPvrYzHnFA/.0;server=akswtt00800005p;cloudType=Consumer;environment=Prod_francecentral_prod-s01-062-eur-francecentral;migrationStage=NotStarted}
{"logTime": "0608/121502", "correlationVector":"GlTbtl2ONf6qPK5x8IcUaY","action":"Commit Request", "result":"", "context":Item count: 2
Contributing types: History}
{"logTime": "0608/121503", "correlationVector":"GlTbtl2ONf6qPK5x8IcUaY.1","action":"SyncServerConnectionManagerRequest", "result":"SYNC_SERVER_OK", "context":{"environment":"Prod_francecentral_prod-s01-062-eur-francecentral", "migrationStage":"NotStarted", "server":"akswtt008000045"}}
{"logTime": "0608/121503", "correlationVector":"GlTbtl2ONf6qPK5x8IcUaY.2","action":"Commit Response", "result":"Success", "context":Result: Success. cV=GlTbtl2ONf6qPK5x8IcUaY.0;server=akswtt008000045;cloudType=Consumer;environment=Prod_francecentral_prod-s01-062-eur-francecentral;migrationStage=NotStarted}
