2025-06-08 11:05:47.282: [INFO][Sync] Reset engine, reason: 8
2025-06-08 11:05:47.282: [INFO][Sync] Stopped: Bookmarks
2025-06-08 11:05:47.282: [INFO][Sync] Stopped: Preferences
2025-06-08 11:05:47.282: [INFO][Sync] Stopped: Passwords
2025-06-08 11:05:47.282: [INFO][Sync] Stopped: Autofill Profiles
2025-06-08 11:05:47.282: [INFO][Sync] Stopped: Autofill
2025-06-08 11:05:47.282: [INFO][Sync] Stopped: Extensions
2025-06-08 11:05:47.282: [INFO][Sync] Stopped: Sessions
2025-06-08 11:05:47.282: [INFO][Sync] Stopped: Extension settings
2025-06-08 11:05:47.282: [INFO][Sync] Stopped: History Delete Directives
2025-06-08 11:05:47.282: [INFO][Sync] Stopped: Device Info
2025-06-08 11:05:47.282: [INFO][Sync] Stopped: User Consents
2025-06-08 11:05:47.282: [INFO][Sync] Stopped: Send Tab To Self
2025-06-08 11:05:47.282: [INFO][Sync] Stopped: Web Apps
2025-06-08 11:05:47.282: [INFO][Sync] Stopped: History
2025-06-08 11:05:47.282: [INFO][Sync] Stopped: Saved Tab Group
2025-06-08 11:05:47.282: [INFO][Sync] Stopped: WebAuthn Credentials
2025-06-08 11:05:47.282: [INFO][Sync] Stopped: Collection
2025-06-08 11:05:47.282: [INFO][Sync] Stopped: Edge E Drop
2025-06-08 11:05:47.282: [INFO][Sync] Stopped: Edge Hub App Usage
2025-06-08 11:05:47.282: [INFO][Sync] Stopped: Edge Wallet
2025-06-08 11:05:47.283: [INFO][Sync] SyncState after authenticated was: NotSignedIn
2025-06-08 11:05:47.797: [INFO][Sync] Reset engine, reason: 8
2025-06-08 11:05:47.797: [INFO][Sync] Stopped: Bookmarks
2025-06-08 11:05:47.797: [INFO][Sync] Stopped: Preferences
2025-06-08 11:05:47.797: [INFO][Sync] Stopped: Passwords
2025-06-08 11:05:47.797: [INFO][Sync] Stopped: Autofill Profiles
2025-06-08 11:05:47.797: [INFO][Sync] Stopped: Autofill
2025-06-08 11:05:47.797: [INFO][Sync] Stopped: Extensions
2025-06-08 11:05:47.797: [INFO][Sync] Stopped: Sessions
2025-06-08 11:05:47.797: [INFO][Sync] Stopped: Extension settings
2025-06-08 11:05:47.797: [INFO][Sync] Stopped: History Delete Directives
2025-06-08 11:05:47.797: [INFO][Sync] Stopped: Device Info
2025-06-08 11:05:47.797: [INFO][Sync] Stopped: User Consents
2025-06-08 11:05:47.797: [INFO][Sync] Stopped: Send Tab To Self
2025-06-08 11:05:47.797: [INFO][Sync] Stopped: Web Apps
2025-06-08 11:05:47.797: [INFO][Sync] Stopped: History
2025-06-08 11:05:47.797: [INFO][Sync] Stopped: Saved Tab Group
2025-06-08 11:05:47.797: [INFO][Sync] Stopped: WebAuthn Credentials
2025-06-08 11:05:47.797: [INFO][Sync] Stopped: Collection
2025-06-08 11:05:47.797: [INFO][Sync] Stopped: Edge E Drop
2025-06-08 11:05:47.797: [INFO][Sync] Stopped: Edge Hub App Usage
2025-06-08 11:05:47.797: [INFO][Sync] Stopped: Edge Wallet
2025-06-08 11:05:48.733: [INFO][Sync] Try to start sync engine
2025-06-08 11:05:48.739: [INFO][SyncManagerImpl::NudgeForInitialDownload] Initial download nudge for Encryption Keys
2025-06-08 11:05:48.739: [INFO][SyncEngineBackend::LoadAndConnectNigoriController] Load and connect Nigori controller
2025-06-08 11:05:48.739: [INFO][SyncEngineBackend::DoInitialize] Control Types added: Encryption Keys
2025-06-08 11:05:48.739: [INFO][SyncManagerImpl::ConfigureSyncer] Types to download: Encryption Keys with reason: 3
2025-06-08 11:05:48.739: [INFO][SyncSchedulerImpl::DoConfigurationSyncCycleJob] Configure job was blocked
2025-06-08 11:05:49.212: [INFO][SyncAuthManager::SetLastAuthError] Current auth error: None
2025-06-08 11:05:49.212: [INFO][SyncAuthManager::EdgeLogTokenErrorState] Token error with: None for account type: MSA
2025-06-08 11:05:49.212: [INFO][Sync] Credentials changed for: EdgeSyncScopeNew
2025-06-08 11:05:53.081: [INFO][SyncAuthManager::SetLastAuthError] Current auth error: None
2025-06-08 11:05:53.081: [INFO][SyncAuthManager::EdgeLogTokenErrorState] Token error with: None for account type: MSA
2025-06-08 11:05:53.081: [INFO][Sync] Credentials changed for: EdgeSyncKeyDataScope
2025-06-08 11:05:53.081: [INFO][SyncEngineBackend::DoUpdateKeyDataCredentials] Update key data credentials
2025-06-08 11:05:53.081: [INFO][SyncEngineBackend::DoUpdateCredentials] Update credentials
2025-06-08 11:05:53.081: [INFO][SyncSchedulerImpl::DoConfigurationSyncCycleJob] Blocked types:  and types to download: Encryption Keys
2025-06-08 11:05:54.191: [INFO][Sync] Started DataTypeManager configuration, reason: 4
2025-06-08 11:05:54.191: [INFO][Sync] Configuring for: Bookmarks, Preferences, Passwords, Autofill Profiles, Autofill, Extensions, Sessions, Extension settings, History Delete Directives, Device Info, User Consents, Send Tab To Self, Web Apps, History, Saved Tab Group, WebAuthn Credentials, Collection, Edge E Drop, Edge Hub App Usage, Edge Wallet, Encryption Keys, reason: 3, current state: 0
2025-06-08 11:05:54.191: [WARN][Sync] Crypto error data types: Passwords, Autofill Profiles, Autofill
2025-06-08 11:05:54.193: [INFO][Sync] Configure, desired: Bookmarks, Preferences, Extensions, Sessions, Extension settings, History Delete Directives, Device Info, User Consents, Send Tab To Self, Web Apps, History, Saved Tab Group, WebAuthn Credentials, Collection, Edge E Drop, Edge Hub App Usage, Edge Wallet, Encryption Keys; Allow fail: Passwords, Autofill Profiles, Autofill
2025-06-08 11:05:54.194: [INFO][Sync] Loading: Bookmarks
2025-06-08 11:05:54.194: [ERROR][Sync] Load Preferences, failed: ConstructDataTypeStoreOnFrontendSequence@components\sync\model\data_type_store_service_impl.cc:105: DataTypeStore backend initialization failed
2025-06-08 11:05:54.194: [ERROR][Sync] Stoping type: Preferences, error: DataTypeStore backend initialization failed
2025-06-08 11:05:54.194: [INFO][Sync] Loading: Preferences
2025-06-08 11:05:54.194: [ERROR][Sync] Load Extensions, failed: ConstructDataTypeStoreOnFrontendSequence@components\sync\model\data_type_store_service_impl.cc:105: DataTypeStore backend initialization failed
2025-06-08 11:05:54.194: [ERROR][Sync] Stoping type: Extensions, error: DataTypeStore backend initialization failed
2025-06-08 11:05:54.194: [INFO][Sync] Loading: Extensions
2025-06-08 11:05:54.194: [INFO][Sync] Loading: Sessions
2025-06-08 11:05:54.194: [INFO][Sync] Loading: Extension settings
2025-06-08 11:05:54.194: [ERROR][Sync] Load History Delete Directives, failed: ConstructDataTypeStoreOnFrontendSequence@components\sync\model\data_type_store_service_impl.cc:105: DataTypeStore backend initialization failed
2025-06-08 11:05:54.194: [ERROR][Sync] Stoping type: History Delete Directives, error: DataTypeStore backend initialization failed
2025-06-08 11:05:54.194: [INFO][Sync] Loading: History Delete Directives
2025-06-08 11:05:54.194: [ERROR][Sync] Load Device Info, failed: ConstructDataTypeStoreOnFrontendSequence@components\sync\model\data_type_store_service_impl.cc:105: DataTypeStore backend initialization failed
2025-06-08 11:05:54.194: [ERROR][Sync] Stoping type: Device Info, error: DataTypeStore backend initialization failed
2025-06-08 11:05:54.194: [INFO][Sync] Loading: Device Info
2025-06-08 11:05:54.194: [ERROR][Sync] Load User Consents, failed: ConstructDataTypeStoreOnFrontendSequence@components\sync\model\data_type_store_service_impl.cc:105: DataTypeStore backend initialization failed
2025-06-08 11:05:54.194: [ERROR][Sync] Stoping type: User Consents, error: DataTypeStore backend initialization failed
2025-06-08 11:05:54.194: [INFO][Sync] Loading: User Consents
2025-06-08 11:05:54.194: [ERROR][Sync] Load Send Tab To Self, failed: ConstructDataTypeStoreOnFrontendSequence@components\sync\model\data_type_store_service_impl.cc:105: DataTypeStore backend initialization failed
2025-06-08 11:05:54.194: [ERROR][Sync] Stoping type: Send Tab To Self, error: DataTypeStore backend initialization failed
2025-06-08 11:05:54.194: [INFO][Sync] Loading: Send Tab To Self
2025-06-08 11:05:54.194: [ERROR][Sync] Load Web Apps, failed: ConstructDataTypeStoreOnFrontendSequence@components\sync\model\data_type_store_service_impl.cc:105: DataTypeStore backend initialization failed
2025-06-08 11:05:54.194: [ERROR][Sync] Stoping type: Web Apps, error: DataTypeStore backend initialization failed
2025-06-08 11:05:54.194: [INFO][Sync] Loading: Web Apps
2025-06-08 11:05:54.194: [INFO][Sync] Loading: History
2025-06-08 11:05:54.194: [ERROR][Sync] Load Saved Tab Group, failed: ConstructDataTypeStoreOnFrontendSequence@components\sync\model\data_type_store_service_impl.cc:105: DataTypeStore backend initialization failed
2025-06-08 11:05:54.194: [ERROR][Sync] Stoping type: Saved Tab Group, error: DataTypeStore backend initialization failed
2025-06-08 11:05:54.194: [INFO][Sync] Loading: Saved Tab Group
2025-06-08 11:05:54.194: [ERROR][Sync] Load WebAuthn Credentials, failed: ConstructDataTypeStoreOnFrontendSequence@components\sync\model\data_type_store_service_impl.cc:105: DataTypeStore backend initialization failed
2025-06-08 11:05:54.194: [ERROR][Sync] Stoping type: WebAuthn Credentials, error: DataTypeStore backend initialization failed
2025-06-08 11:05:54.194: [INFO][Sync] Loading: WebAuthn Credentials
2025-06-08 11:05:54.194: [ERROR][Sync] Load Collection, failed: ConstructDataTypeStoreOnFrontendSequence@components\sync\model\data_type_store_service_impl.cc:105: DataTypeStore backend initialization failed
2025-06-08 11:05:54.194: [ERROR][Sync] Stoping type: Collection, error: DataTypeStore backend initialization failed
2025-06-08 11:05:54.194: [INFO][Sync] Loading: Collection
2025-06-08 11:05:54.194: [INFO][Sync] Loading: Edge E Drop
2025-06-08 11:05:54.194: [INFO][Sync] Loading: Edge Hub App Usage
2025-06-08 11:05:54.194: [INFO][Sync] Loading: Edge Wallet
2025-06-08 11:05:54.198: [ERROR][Sync] Load Sessions, failed: ConstructDataTypeStoreOnFrontendSequence@components\sync\model\data_type_store_service_impl.cc:105: DataTypeStore backend initialization failed
2025-06-08 11:05:54.198: [ERROR][Sync] Stoping type: Sessions, error: DataTypeStore backend initialization failed
2025-06-08 11:05:54.198: [ERROR][Sync] Load Extension settings, failed: ConstructDataTypeStoreOnFrontendSequence@components\sync\model\data_type_store_service_impl.cc:105: DataTypeStore backend initialization failed
2025-06-08 11:05:54.198: [ERROR][Sync] Stoping type: Extension settings, error: DataTypeStore backend initialization failed
2025-06-08 11:05:54.198: [ERROR][Sync] Load Edge E Drop, failed: EDropSyncBridge@components\edge_e_drop\core\browser\sync\e_drop_sync_bridge.cc:70: DataTypeStore for Drop initialization failed
2025-06-08 11:05:54.198: [ERROR][Sync] Stoping type: Edge E Drop, error: DataTypeStore for Drop initialization failed
2025-06-08 11:05:54.198: [ERROR][Sync] Load Edge Hub App Usage, failed: EdgeHubAppUsageSyncBridge@components\edge_hub_apps\sync\edge_hub_app_usage_sync_bridge.cc:55: ModelTypeStore for Hub App Usage initialization failed
2025-06-08 11:05:54.198: [ERROR][Sync] Stoping type: Edge Hub App Usage, error: ModelTypeStore for Hub App Usage initialization failed
2025-06-08 11:05:54.198: [INFO][Sync] Configuring for: Bookmarks, Preferences, Passwords, Autofill Profiles, Autofill, Extensions, Sessions, Extension settings, History Delete Directives, Device Info, User Consents, Send Tab To Self, Web Apps, History, Saved Tab Group, WebAuthn Credentials, Collection, Edge E Drop, Edge Hub App Usage, Edge Wallet, Encryption Keys, reason: 3, current state: 2
2025-06-08 11:05:54.198: [WARN][Sync] Crypto error data types: 
2025-06-08 11:05:54.198: [INFO][Sync] Configure, desired: Bookmarks, History, Edge Wallet, Encryption Keys; Allow fail: Preferences, Passwords, Autofill Profiles, Autofill, Extensions, Sessions, Extension settings, History Delete Directives, Device Info, User Consents, Send Tab To Self, Web Apps, Saved Tab Group, WebAuthn Credentials, Collection, Edge E Drop, Edge Hub App Usage
2025-06-08 11:05:54.199: [INFO][Sync] All data types are ready for configure.
2025-06-08 11:05:56.502: [INFO][Sync] Started DataTypeManager configuration, reason: 5
2025-06-08 11:05:56.502: [INFO][Sync] Configuring for: Bookmarks, Preferences, Passwords, Autofill Profiles, Autofill, Extensions, Sessions, Extension settings, History Delete Directives, Device Info, User Consents, Send Tab To Self, Web Apps, History, Saved Tab Group, WebAuthn Credentials, Collection, Edge E Drop, Edge Hub App Usage, Edge Wallet, Encryption Keys, reason: 5, current state: 1
2025-06-08 11:05:56.520: [INFO][SyncEngineBackend::DoStartConfiguration] Start configuration
2025-06-08 11:05:56.520: [INFO][SyncManagerImpl::NudgeForInitialDownload] Initial download nudge for Bookmarks
2025-06-08 11:05:56.520: [INFO][SyncManagerImpl::NudgeForInitialDownload] Initial download nudge for History
2025-06-08 11:05:56.520: [INFO][SyncManagerImpl::NudgeForInitialDownload] Initial download nudge for Edge Wallet
2025-06-08 11:05:56.520: [INFO][SyncManagerImpl::ConfigureSyncer] Types to download:  with reason: 3
2025-06-08 11:05:56.520: [INFO][SyncEngineBackend::DoFinishConfigureDataTypes] Failed to download types:  and succeeded types: 
2025-06-08 11:05:56.522: [INFO][Sync] ConfigurationDone, failed: , succeeded: , remaining count: 3
2025-06-08 11:05:56.522: [WARN][Sync]     Reconfigure requested while configuration ongoing.
2025-06-08 11:05:56.522: [INFO][Sync] Configuring for: Bookmarks, Preferences, Passwords, Autofill Profiles, Autofill, Extensions, Sessions, Extension settings, History Delete Directives, Device Info, User Consents, Send Tab To Self, Web Apps, History, Saved Tab Group, WebAuthn Credentials, Collection, Edge E Drop, Edge Hub App Usage, Edge Wallet, Encryption Keys, reason: 5, current state: 2
2025-06-08 11:05:56.522: [INFO][Sync] Configure, desired: Bookmarks, Passwords, Autofill Profiles, Autofill, History, Edge Wallet, Encryption Keys; Allow fail: Preferences, Extensions, Sessions, Extension settings, History Delete Directives, Device Info, User Consents, Send Tab To Self, Web Apps, Saved Tab Group, WebAuthn Credentials, Collection, Edge E Drop, Edge Hub App Usage
2025-06-08 11:05:56.522: [INFO][Sync] Loading: Passwords
2025-06-08 11:05:56.522: [INFO][Sync] Loading: Autofill Profiles
2025-06-08 11:05:56.522: [INFO][Sync] Loading: Autofill
2025-06-08 11:05:56.523: [INFO][Sync] All data types are ready for configure.
2025-06-08 11:05:56.523: [INFO][SyncManagerImpl::NudgeForInitialDownload] Initial download nudge for Passwords
2025-06-08 11:05:56.523: [INFO][SyncManagerImpl::NudgeForInitialDownload] Initial download nudge for Autofill Profiles
2025-06-08 11:05:56.523: [INFO][SyncManagerImpl::NudgeForInitialDownload] Initial download nudge for Autofill
2025-06-08 11:05:56.523: [INFO][SyncManagerImpl::ConfigureSyncer] Types to download:  with reason: 5
2025-06-08 11:05:56.523: [INFO][SyncEngineBackend::DoFinishConfigureDataTypes] Failed to download types:  and succeeded types: 
2025-06-08 11:05:56.523: [INFO][Sync] ConfigurationDone, failed: , succeeded: , remaining count: 4
2025-06-08 11:05:56.523: [INFO][Sync] Prepare to configure types: Passwords, Encryption Keys
2025-06-08 11:05:56.523: [INFO][SyncManagerImpl::ConfigureSyncer] Types to download: Passwords, Encryption Keys with reason: 5
2025-06-08 11:05:56.523: [INFO][SyncSchedulerImpl::DoConfigurationSyncCycleJob] Blocked types:  and types to download: Passwords, Encryption Keys
2025-06-08 11:05:57.512: [INFO][SyncEngineBackend::DoFinishConfigureDataTypes] Failed to download types:  and succeeded types: Passwords, Encryption Keys
2025-06-08 11:05:57.572: [INFO][Sync] ConfigurationDone, failed: , succeeded: Passwords, Encryption Keys, remaining count: 3
2025-06-08 11:05:57.572: [INFO][Sync] Prepare to configure types: Bookmarks, Encryption Keys
2025-06-08 11:05:57.572: [INFO][SyncManagerImpl::ConfigureSyncer] Types to download: Bookmarks, Encryption Keys with reason: 5
2025-06-08 11:05:57.572: [INFO][SyncSchedulerImpl::DoConfigurationSyncCycleJob] Blocked types:  and types to download: Bookmarks, Encryption Keys
2025-06-08 11:05:58.547: [INFO][SyncEngineBackend::DoFinishConfigureDataTypes] Failed to download types:  and succeeded types: Bookmarks, Encryption Keys
2025-06-08 11:05:58.635: [INFO][Sync] ConfigurationDone, failed: , succeeded: Bookmarks, Encryption Keys, remaining count: 2
2025-06-08 11:05:58.635: [INFO][Sync] Prepare to configure types: Autofill Profiles, Autofill, Edge Wallet, Encryption Keys
2025-06-08 11:05:58.635: [INFO][SyncManagerImpl::ConfigureSyncer] Types to download: Autofill Profiles, Autofill, Edge Wallet, Encryption Keys with reason: 5
2025-06-08 11:05:58.636: [INFO][SyncSchedulerImpl::DoConfigurationSyncCycleJob] Blocked types:  and types to download: Autofill Profiles, Autofill, Edge Wallet, Encryption Keys
2025-06-08 11:05:59.309: [INFO][SyncEngineBackend::DoFinishConfigureDataTypes] Failed to download types:  and succeeded types: Autofill Profiles, Autofill, Edge Wallet, Encryption Keys
2025-06-08 11:05:59.310: [INFO][Sync] ConfigurationDone, failed: , succeeded: Autofill Profiles, Autofill, Edge Wallet, Encryption Keys, remaining count: 1
2025-06-08 11:05:59.313: [INFO][Sync] Prepare to configure types: History, Encryption Keys
2025-06-08 11:05:59.314: [INFO][SyncManagerImpl::ConfigureSyncer] Types to download: History, Encryption Keys with reason: 5
2025-06-08 11:05:59.314: [INFO][SyncSchedulerImpl::DoConfigurationSyncCycleJob] Blocked types:  and types to download: History, Encryption Keys
2025-06-08 11:05:59.477: [INFO][SyncEngineBackend::DoFinishConfigureDataTypes] Failed to download types:  and succeeded types: History, Encryption Keys
2025-06-08 11:05:59.478: [INFO][Sync] ConfigurationDone, failed: , succeeded: History, Encryption Keys, remaining count: 0
2025-06-08 11:05:59.481: [INFO][Sync]     Configuration completed, state: 7
2025-06-08 11:05:59.481: [INFO][Sync] Configured DataTypeManager: Ok
2025-06-08 11:05:59.483: [INFO][SyncEngineBackend::DoStartSyncing] Start syncing
2025-06-08 11:25:28.151: [INFO][Sync] Reset engine, reason: 0
2025-06-08 11:25:28.151: [INFO][Sync] Reset engine with reason: 0
2025-06-08 12:00:44.363: [INFO][Sync] SyncState after authenticated was: FeatureCanStart
2025-06-08 12:00:51.246: [INFO][SyncAuthManager::SetLastAuthError] Current auth error: None
2025-06-08 12:00:51.246: [INFO][SyncAuthManager::EdgeLogTokenErrorState] Token error with: None for account type: MSA
2025-06-08 12:00:51.246: [INFO][Sync] Credentials changed for: EdgeSyncKeyDataScope
2025-06-08 12:00:55.065: [INFO][Sync] Try to start sync engine
2025-06-08 12:00:55.070: [INFO][SyncManagerImpl::NudgeForInitialDownload] Initial download nudge for Encryption Keys
2025-06-08 12:00:55.070: [INFO][SyncEngineBackend::LoadAndConnectNigoriController] Load and connect Nigori controller
2025-06-08 12:00:55.070: [INFO][SyncEngineBackend::DoInitialize] Control Types added: Encryption Keys
2025-06-08 12:00:55.071: [INFO][SyncManagerImpl::ConfigureSyncer] Types to download: Encryption Keys with reason: 3
2025-06-08 12:00:55.071: [INFO][SyncEngineBackend::DoUpdateKeyDataCredentials] Update key data credentials
2025-06-08 12:00:55.071: [INFO][SyncSchedulerImpl::DoConfigurationSyncCycleJob] Configure job was blocked
2025-06-08 12:00:55.274: [INFO][SyncAuthManager::SetLastAuthError] Current auth error: None
2025-06-08 12:00:55.274: [INFO][SyncAuthManager::EdgeLogTokenErrorState] Token error with: None for account type: MSA
2025-06-08 12:00:55.274: [INFO][Sync] Credentials changed for: EdgeSyncScopeNew
2025-06-08 12:00:55.274: [INFO][SyncEngineBackend::DoUpdateCredentials] Update credentials
2025-06-08 12:00:55.275: [INFO][SyncSchedulerImpl::DoConfigurationSyncCycleJob] Blocked types:  and types to download: Encryption Keys
2025-06-08 12:00:56.636: [INFO][SyncEngineBackend::DoUpdateKeyDataCredentials] Update key data credentials
2025-06-08 12:00:56.826: [INFO][Sync] Started DataTypeManager configuration, reason: 4
2025-06-08 12:00:56.827: [INFO][Sync] Configuring for: Bookmarks, Preferences, Passwords, Autofill Profiles, Autofill, Extensions, Sessions, Extension settings, History Delete Directives, Device Info, User Consents, Send Tab To Self, Web Apps, History, Saved Tab Group, WebAuthn Credentials, Collection, Edge E Drop, Edge Hub App Usage, Edge Wallet, Encryption Keys, reason: 4, current state: 0
2025-06-08 12:00:56.827: [WARN][Sync] Crypto error data types: Passwords, Autofill Profiles, Autofill
2025-06-08 12:00:56.866: [INFO][Sync] Configure, desired: Bookmarks, Preferences, Extensions, Sessions, Extension settings, History Delete Directives, Device Info, User Consents, Send Tab To Self, Web Apps, History, Saved Tab Group, WebAuthn Credentials, Collection, Edge E Drop, Edge Hub App Usage, Edge Wallet, Encryption Keys; Allow fail: Passwords, Autofill Profiles, Autofill
2025-06-08 12:00:56.866: [INFO][Sync] Loading: Bookmarks
2025-06-08 12:00:56.866: [ERROR][Sync] Load Preferences, failed: ConstructDataTypeStoreOnFrontendSequence@components\sync\model\data_type_store_service_impl.cc:105: DataTypeStore backend initialization failed
2025-06-08 12:00:56.866: [ERROR][Sync] Stoping type: Preferences, error: DataTypeStore backend initialization failed
2025-06-08 12:00:56.866: [INFO][Sync] Loading: Preferences
2025-06-08 12:00:56.866: [ERROR][Sync] Load Extensions, failed: ConstructDataTypeStoreOnFrontendSequence@components\sync\model\data_type_store_service_impl.cc:105: DataTypeStore backend initialization failed
2025-06-08 12:00:56.866: [ERROR][Sync] Stoping type: Extensions, error: DataTypeStore backend initialization failed
2025-06-08 12:00:56.866: [INFO][Sync] Loading: Extensions
2025-06-08 12:00:56.866: [INFO][Sync] Loading: Sessions
2025-06-08 12:00:56.867: [INFO][Sync] Loading: Extension settings
2025-06-08 12:00:56.867: [ERROR][Sync] Load History Delete Directives, failed: ConstructDataTypeStoreOnFrontendSequence@components\sync\model\data_type_store_service_impl.cc:105: DataTypeStore backend initialization failed
2025-06-08 12:00:56.867: [ERROR][Sync] Stoping type: History Delete Directives, error: DataTypeStore backend initialization failed
2025-06-08 12:00:56.867: [INFO][Sync] Loading: History Delete Directives
2025-06-08 12:00:56.867: [ERROR][Sync] Load Device Info, failed: ConstructDataTypeStoreOnFrontendSequence@components\sync\model\data_type_store_service_impl.cc:105: DataTypeStore backend initialization failed
2025-06-08 12:00:56.867: [ERROR][Sync] Stoping type: Device Info, error: DataTypeStore backend initialization failed
2025-06-08 12:00:56.867: [INFO][Sync] Loading: Device Info
2025-06-08 12:00:56.867: [ERROR][Sync] Load User Consents, failed: ConstructDataTypeStoreOnFrontendSequence@components\sync\model\data_type_store_service_impl.cc:105: DataTypeStore backend initialization failed
2025-06-08 12:00:56.867: [ERROR][Sync] Stoping type: User Consents, error: DataTypeStore backend initialization failed
2025-06-08 12:00:56.867: [INFO][Sync] Loading: User Consents
2025-06-08 12:00:56.867: [ERROR][Sync] Load Send Tab To Self, failed: ConstructDataTypeStoreOnFrontendSequence@components\sync\model\data_type_store_service_impl.cc:105: DataTypeStore backend initialization failed
2025-06-08 12:00:56.867: [ERROR][Sync] Stoping type: Send Tab To Self, error: DataTypeStore backend initialization failed
2025-06-08 12:00:56.867: [INFO][Sync] Loading: Send Tab To Self
2025-06-08 12:00:56.867: [ERROR][Sync] Load Web Apps, failed: ConstructDataTypeStoreOnFrontendSequence@components\sync\model\data_type_store_service_impl.cc:105: DataTypeStore backend initialization failed
2025-06-08 12:00:56.867: [ERROR][Sync] Stoping type: Web Apps, error: DataTypeStore backend initialization failed
2025-06-08 12:00:56.867: [INFO][Sync] Loading: Web Apps
2025-06-08 12:00:56.867: [INFO][Sync] Loading: History
2025-06-08 12:00:56.867: [ERROR][Sync] Load Saved Tab Group, failed: ConstructDataTypeStoreOnFrontendSequence@components\sync\model\data_type_store_service_impl.cc:105: DataTypeStore backend initialization failed
2025-06-08 12:00:56.867: [ERROR][Sync] Stoping type: Saved Tab Group, error: DataTypeStore backend initialization failed
2025-06-08 12:00:56.867: [INFO][Sync] Loading: Saved Tab Group
2025-06-08 12:00:56.867: [ERROR][Sync] Load WebAuthn Credentials, failed: ConstructDataTypeStoreOnFrontendSequence@components\sync\model\data_type_store_service_impl.cc:105: DataTypeStore backend initialization failed
2025-06-08 12:00:56.867: [ERROR][Sync] Stoping type: WebAuthn Credentials, error: DataTypeStore backend initialization failed
2025-06-08 12:00:56.867: [INFO][Sync] Loading: WebAuthn Credentials
2025-06-08 12:00:56.867: [ERROR][Sync] Load Collection, failed: ConstructDataTypeStoreOnFrontendSequence@components\sync\model\data_type_store_service_impl.cc:105: DataTypeStore backend initialization failed
2025-06-08 12:00:56.867: [ERROR][Sync] Stoping type: Collection, error: DataTypeStore backend initialization failed
2025-06-08 12:00:56.867: [INFO][Sync] Loading: Collection
2025-06-08 12:00:56.867: [INFO][Sync] Loading: Edge E Drop
2025-06-08 12:00:56.868: [INFO][Sync] Loading: Edge Hub App Usage
2025-06-08 12:00:56.868: [INFO][Sync] Loading: Edge Wallet
2025-06-08 12:00:56.907: [ERROR][Sync] Load Sessions, failed: ConstructDataTypeStoreOnFrontendSequence@components\sync\model\data_type_store_service_impl.cc:105: DataTypeStore backend initialization failed
2025-06-08 12:00:56.907: [ERROR][Sync] Stoping type: Sessions, error: DataTypeStore backend initialization failed
2025-06-08 12:00:56.907: [ERROR][Sync] Load Extension settings, failed: ConstructDataTypeStoreOnFrontendSequence@components\sync\model\data_type_store_service_impl.cc:105: DataTypeStore backend initialization failed
2025-06-08 12:00:56.907: [ERROR][Sync] Stoping type: Extension settings, error: DataTypeStore backend initialization failed
2025-06-08 12:00:56.907: [ERROR][Sync] Load Edge E Drop, failed: EDropSyncBridge@components\edge_e_drop\core\browser\sync\e_drop_sync_bridge.cc:70: DataTypeStore for Drop initialization failed
2025-06-08 12:00:56.907: [ERROR][Sync] Stoping type: Edge E Drop, error: DataTypeStore for Drop initialization failed
2025-06-08 12:00:56.907: [ERROR][Sync] Load Edge Hub App Usage, failed: EdgeHubAppUsageSyncBridge@components\edge_hub_apps\sync\edge_hub_app_usage_sync_bridge.cc:55: ModelTypeStore for Hub App Usage initialization failed
2025-06-08 12:00:56.907: [ERROR][Sync] Stoping type: Edge Hub App Usage, error: ModelTypeStore for Hub App Usage initialization failed
2025-06-08 12:00:56.907: [INFO][Sync] Configuring for: Bookmarks, Preferences, Passwords, Autofill Profiles, Autofill, Extensions, Sessions, Extension settings, History Delete Directives, Device Info, User Consents, Send Tab To Self, Web Apps, History, Saved Tab Group, WebAuthn Credentials, Collection, Edge E Drop, Edge Hub App Usage, Edge Wallet, Encryption Keys, reason: 6, current state: 2
2025-06-08 12:00:56.907: [WARN][Sync] Crypto error data types: 
2025-06-08 12:00:56.908: [INFO][Sync] Configure, desired: Bookmarks, History, Edge Wallet, Encryption Keys; Allow fail: Preferences, Passwords, Autofill Profiles, Autofill, Extensions, Sessions, Extension settings, History Delete Directives, Device Info, User Consents, Send Tab To Self, Web Apps, Saved Tab Group, WebAuthn Credentials, Collection, Edge E Drop, Edge Hub App Usage
2025-06-08 12:00:56.908: [INFO][Sync] All data types are ready for configure.
2025-06-08 12:00:57.571: [INFO][Sync] Started DataTypeManager configuration, reason: 5
2025-06-08 12:00:57.572: [INFO][Sync] Configuring for: Bookmarks, Preferences, Passwords, Autofill Profiles, Autofill, Extensions, Sessions, Extension settings, History Delete Directives, Device Info, User Consents, Send Tab To Self, Web Apps, History, Saved Tab Group, WebAuthn Credentials, Collection, Edge E Drop, Edge Hub App Usage, Edge Wallet, Encryption Keys, reason: 5, current state: 1
2025-06-08 12:00:57.622: [INFO][SyncEngineBackend::DoStartConfiguration] Start configuration
2025-06-08 12:00:57.623: [INFO][SyncManagerImpl::ConfigureSyncer] Types to download:  with reason: 6
2025-06-08 12:00:57.623: [INFO][SyncEngineBackend::DoFinishConfigureDataTypes] Failed to download types:  and succeeded types: 
2025-06-08 12:00:57.624: [INFO][Sync] ConfigurationDone, failed: , succeeded: , remaining count: 3
2025-06-08 12:00:57.624: [WARN][Sync]     Reconfigure requested while configuration ongoing.
2025-06-08 12:00:57.624: [INFO][Sync] Configuring for: Bookmarks, Preferences, Passwords, Autofill Profiles, Autofill, Extensions, Sessions, Extension settings, History Delete Directives, Device Info, User Consents, Send Tab To Self, Web Apps, History, Saved Tab Group, WebAuthn Credentials, Collection, Edge E Drop, Edge Hub App Usage, Edge Wallet, Encryption Keys, reason: 5, current state: 2
2025-06-08 12:00:57.624: [INFO][Sync] Configure, desired: Bookmarks, Passwords, Autofill Profiles, Autofill, History, Edge Wallet, Encryption Keys; Allow fail: Preferences, Extensions, Sessions, Extension settings, History Delete Directives, Device Info, User Consents, Send Tab To Self, Web Apps, Saved Tab Group, WebAuthn Credentials, Collection, Edge E Drop, Edge Hub App Usage
2025-06-08 12:00:57.624: [INFO][Sync] Loading: Passwords
2025-06-08 12:00:57.624: [INFO][Sync] Loading: Autofill Profiles
2025-06-08 12:00:57.625: [INFO][Sync] Loading: Autofill
2025-06-08 12:00:57.625: [INFO][Sync] All data types are ready for configure.
2025-06-08 12:00:57.625: [INFO][SyncManagerImpl::NudgeForInitialDownload] Initial download nudge for Passwords
2025-06-08 12:00:57.625: [INFO][SyncManagerImpl::ConfigureSyncer] Types to download:  with reason: 5
2025-06-08 12:00:57.625: [INFO][SyncEngineBackend::DoFinishConfigureDataTypes] Failed to download types:  and succeeded types: 
2025-06-08 12:00:57.627: [INFO][Sync] ConfigurationDone, failed: , succeeded: , remaining count: 4
2025-06-08 12:00:57.627: [INFO][Sync] Prepare to configure types: Passwords, Encryption Keys
2025-06-08 12:00:57.627: [INFO][SyncManagerImpl::ConfigureSyncer] Types to download: Passwords, Encryption Keys with reason: 5
2025-06-08 12:00:57.627: [INFO][SyncSchedulerImpl::DoConfigurationSyncCycleJob] Blocked types:  and types to download: Passwords, Encryption Keys
2025-06-08 12:00:58.392: [INFO][SyncEngineBackend::DoFinishConfigureDataTypes] Failed to download types:  and succeeded types: Passwords, Encryption Keys
2025-06-08 12:00:58.448: [INFO][Sync] ConfigurationDone, failed: , succeeded: Passwords, Encryption Keys, remaining count: 3
2025-06-08 12:00:58.448: [INFO][SyncManagerImpl::ConfigureSyncer] Types to download:  with reason: 5
2025-06-08 12:00:58.448: [INFO][SyncEngineBackend::DoFinishConfigureDataTypes] Failed to download types:  and succeeded types: 
2025-06-08 12:00:58.448: [INFO][Sync] ConfigurationDone, failed: , succeeded: , remaining count: 2
2025-06-08 12:00:58.449: [INFO][SyncManagerImpl::ConfigureSyncer] Types to download:  with reason: 5
2025-06-08 12:00:58.449: [INFO][SyncEngineBackend::DoFinishConfigureDataTypes] Failed to download types:  and succeeded types: 
2025-06-08 12:00:58.449: [INFO][Sync] ConfigurationDone, failed: , succeeded: , remaining count: 1
2025-06-08 12:00:58.509: [INFO][SyncManagerImpl::ConfigureSyncer] Types to download:  with reason: 5
2025-06-08 12:00:58.509: [INFO][SyncEngineBackend::DoFinishConfigureDataTypes] Failed to download types:  and succeeded types: 
2025-06-08 12:00:58.509: [INFO][Sync] ConfigurationDone, failed: , succeeded: , remaining count: 0
2025-06-08 12:00:58.554: [INFO][Sync]     Configuration completed, state: 7
2025-06-08 12:00:58.555: [INFO][Sync] Configured DataTypeManager: Ok
2025-06-08 12:00:58.607: [INFO][SyncEngineBackend::DoStartSyncing] Start syncing
2025-06-08 12:17:36.942: [INFO][Sync] Reset engine, reason: 0
2025-06-08 12:17:36.942: [INFO][Sync] Reset engine with reason: 0
